500
0 883 2736 5195 6067 3172 6953 8428 4178 9759 3298 7186 1452 4486 1435 719 6545 4216 6029 4988 4855 105 6537 7652
1 812 3222 6774 2177 1296 3592 204 5111 5882 6959 6733 3670 8185 8269 2768 7438
2 1602 7682 6535 421 3591 7847 308 2276 5271 3820 1752 7762 2962
3 6253 2560 2719 490 1695 6653 2607 6549 3596 9313 5159 9852 6692
4 1319 8460 8216 6426 2028 9874 5550 9995 1567 199 1962 4347 9636 3147 5038 9965 4558 4528 1668 5962
5 3838 7006 1535 2345 2248 5532 4720 7528 4722 2447 3747 7361 247 8343 1763 5715 79
6 8637 9364 8740 9351 6527 1834 4388 4812 6529 374 3383 9487 7088 6613 2962
7 1649 7769 1982 8762 2435 231 1992 3299 1024 6236 5925 1246 9374 1710 4035 321
8 3340 2240 5393 8198 488 7193 8620 263 2548 6249 9804 3812 3144 3905 3079 8233 1105
9 8758 2129 3643 4558 7537 7400 3194 6917 8999 3153 1734 336 475 3099 2858 8069 7762
10 9820 3787 1445 259 3636 2956 5023 4490 8738 834 1450 1272 9921 7289 1105 4765 3894
11 9571 8175 9863 8897 5611 7642 6529 2288
12 4622 9550 1849 5312 4347 7869 7907 3297 7481 2278 8178 6281 3015 1763 2288 5962
13 4136 5795 2638 4779 1719 8484 754 3625 9702 5375 6743 8453 4326 8445 8005 3584
14 8872 9583 4984 9365 2083 4444 5968 1260 1045 6281 3549 9400 7713 4004 108 1476 8183
15 4380 4761 7066 3883 1773 3456 9006 6027 1882 5503 5964 1774 7713
16 5714 3562 5245 1611 5298 6693 5179 5522 6133 4525 5917 4213 5717 2817 6115 148
17 3561 9263 1577 4987 1879 5041 1666 1079 8276 3739 1576 4457 5219
18 7846 2491 362 7884 367 5010 2220 1270 1572 4897 2111 7558 1956 1901 148 7968 9733 6054 6101
19 2590 518 8514 6514 3794 5416 5027 7941 8057 5135 6525 8131 2454 5400 7320 1979 2555 8470 2288
20 5244 644 3615 6587 7121 2211 5363 9168 5977 5651 8461 7912 3386 1984
21 1770 2436 7791 9988 4042 6765 8051 2431 4495 280 260 4641 398 5340
22 7220 8088 2118 8866 7393 7253 1276 3018 893 9238 9216 6743 4561 647 1299 205
23 891 4649 1711 7261 5617 9932 6517 2147 4054 6337 8200 8351 1670 5458
24 6263 5427 9121 4206 3419 5483 7171 6931 851 961 7120 4176 4378 7413 6613
25 6467 8543 6231 7137 2945 2845 7322 172 2785 4131 8332 6390 5064 7413 79
26 4714 3118 7918 4255 3650 6639 3021 2690 6437 173 3714 5025 7949 569
27 2161 6353 5794 882 7525 652 6918 7792 9529 7929 5398 258 4277 1205 5948 7919
28 1344 7604 6601 7119 8605 419 2105 3152 9133 4294 9088 6257 5992 9465 321
29 1494 6869 7540 1905 29 9459 3544 7884 6881 2396 79 2555
30 9428 2082 9895 4158 8583 5858 5391 7352 7847 1142 4786 7987 4901 3073 1079
31 2212 8816 7851 5741 4431 1953 7233 7470 5829 1890 7167 9556 3121 863 3408 267 1353 3184 5175 2555
32 9856 5523 372 1158 4991 2126 244 7439 9418 7873 6196 1328 3661 6549 528 5583 1557 6982 4352
33 7986 155 5119 537 5744 4961 7279 2727 6831 2760 8812 321
34 8738 6963 4859 9059 728 9799 5680 5940 9089 3048 2653 6547
35 8674 4353 493 4296 5952 2418 9593 6218 9991 2404 7535 1495 6487 9968 2240 2962
36 3501 2107 5179 8084 107 4224 6925 2669 2780 2424 8263 7057 2704 935
37 2125 4395 2067 499 9980 1804 1362 8340 5667 5341 1353 2666 1454 1429 2962
38 5504 4018 4837 8208 1536 7118 9861 7029 598 3471 8967 2264 8716 9848 7949
39 4291 6258 8566 22 8348 4534 7234 1553 2879 3080 5110 4559 9069 7573 8787 8844 1134
40 7195 1827 1457 5476 9743 6370 4710 2755 7003 7247 2938 1149 6980 8994 3074
41 5017 2896 6072 7774 6121 2380 2314 9593 7575
42 4224 3311 8157 8595 8861 4306 7313 3707 4251 7296 4661 5466 6424 9026 4367 4326 3012
43 2339 3457 1123 4735 6950 1201 8971 9923 8223 7322 3309 8858 332 4855 2962 321
44 93 720 6024 2680 1091 9388 9511 505 2877 7800 3306 2038 5747 4787
45 5478 7885 1960 4429 6595 161 4561 8263 2294 6745 4159 2420 1978 8722 1353 6613 2
46 9367 6135 7910 6033 2548 1556 7977 5409 5251 7749 918 6544 2014 847 8910 6101
47 3150 9132 8878 9547 7595 3778 7593 3325 9833 9044 2292 9265 7762
48 4739 2512 833 9587 1218 3504 2054 5859 6972 9595 5744 7048 6020 6327
49 3005 9929 720 4546 4419 2972 7160 7210 5312 6925 571 9063 1948 3991 9013
50 1343 3587 1513 2033 9419 6857 1455 9138 8246 5043 372 9731 5578 329 4199 9191 321
51 1590 1049 5350 9302 3978 2341 1102 9204 9123 8728 259 9573 6938
52 613 1274 2234 1414 3471 308 6950 3656 6005 5652 1180 8130 2962 5880
53 532 8718 8160 3398 2676 4746 9108 7865 4015 6057 7489 6613 7852 6020 427
54 5850 6497 6498 7353 2773 8593 6105 6637 6157 1440 1764 276 4591 5871 8005 1668
55 4684 6311 5592 915 2672 2217 1416 6420 386 7659 1358 4901
56 9376 3287 4913 9079 1510 4265 1626 1230 8617 7909 1554 3819 2058 8008 9533 5340
57 8163 582 4133 2771 4675 1627 5143 82 9649 6978 2281 4629 6911 8911 9023 2288
58 5422 4327 5351 3312 8954 4869 1746 3580 5327 5177 6805 1414 6030
59 3904 9558 4741 5406 7701 5522 2694 9474 4538 8265 6114 2340 541 3012 3163
60 8937 4586 3526 4345 939 1145 6917 8744 1639 2834 3892 7975 2895 925 2
61 655 765 6522 4225 8432 8653 2992 3764 1958 3227 895 5880 935
62 491 4319 6395 6857 3514 7140 8219 6020 477 3894
63 4728 8793 210 9505 9080 2329 8828 8522 9650 2405 2196 8153 5181 4527 6554
64 6550 3703 4710 7493 1335 8817 955 7628 1072 7481 1431 9044 1250 220 2773 7234 1784 321
65 1239 2258 2213 5557 9931 8854 3796 9127 4579 4607 6547 367 7120 9199
66 3059 2263 8889 7945 940 6606 2055 2417 4490 2289 5783 935
67 2434 6154 4450 3803 8976 6890 1142 1532 6312 8302 5748 6270 7438
68 5007 2610 5595 1164 3643 7076 2741 9527 7125 873 2029 1665 9301
69 5078 4322 8805 1928 4743 2550 7188 4856 273 6547 9592 1299 2109 9688 8462 3074
70 8538 23 4830 8467 7228 1302 2699 6415 3424 764 5543 4909 2128
71 3977 676 4349 5899 1897 4076 7168 7980 8480 1783 7234 6355 1871 76 1668 321
72 3320 2235 3252 6000 7123 1882 1938 9959 766 5805 3125 9565 7055 979
73 3751 1180 4653 9104 8002 7787 8721 2263 7733 8665 6287 2349 7699 6044 2892 6021
74 757 5326 7606 2757 242 6027 9305 6686 7061 7676 1773 1020 7517 6028 6153 3877
75 812 3933 381 4051 1376 9340 7268 9737 9676 9580 9579 3936
76 2903 8513 9898 2693 286 1014 1198 7692 625 2576 3971 7948 4292 9351 5451 4624 7153 2555
77 3745 6058 5737 1010 7923 3643 6005 9493 3390 3469 6616 7044 2771 7652
78 4134 2070 7122 9642 9693 4083 2368 1200 2566 9637 6447 8043 8125
79 6542 7187 2509 4344 1865 7761 2902 4496 1883 7 6282 2085 8716 935 7762
80 4474 4970 751 955 4241 1383 3989 9244 3370 3376 5348 5683 1982 214 8531 1420 575 1348 9510 2437 3894
81 8311 9505 5797 8925 3864 1304 3169 9282 760 7578 7491 3776 9040 4626 9138 2240 625
82 3535 864 7362 4223 1723 9444 5915 8390 7412 340 9770 2401 2393 5752 2704 7949
83 6010 4541 847 6041 3558 3467 2342 131 3418 4809 1537 6863 4060 6550 2643
84 3340 4985 3119 8864 6691 7327 4734 2422 3121 8290 7463 6171 3864 5992 4143 5401 444 7 321
85 5152 8303 5345 9757 2695 3464 9557 2897 4797 6609 7256 3802 5219
86 9350 736 3599 868 6123 4824 751 3776 1996 5211 562 1925 9381 2240 2121
87 810 7968 2622 2744 8169 8183 219 5704 5729 6265 98 5044 952 9007 427
88 524 496 8859 8353 4505 202 915 7306 1683 2203 428 5556 1038 4959
89 2497 6054 9511 9676 9235 6935 5403 1322 8123 9388 1528 6739 2643 2
90 961 2580 3729 8554 8803 9415 3016 1316 2734 2563 5815 6338 8134
91 8193 5836 949 6837 2275 9889 7840 7723 1136 5073 2037 4258 9615
92 1179 6541 9815 9624 7584 8370 2640 452 9539 3710 6896 4253 7296 2240 321
93 1161 8880 2515 6717 6341 2466 1170 8680 9413 9703 9728 5533 9485 9007
94 3084 3035 2779 5622 5722 8384 2711 3660 3412 5502 354 2182 183 2426 3012
95 8767 3616 3770 4583 5460 4364 8514 7043 3705 8021 6955 5762
96 6640 3051 648 6116 5384 5546 2357 2993 2683 2609 4396 3786 5504 5677 1774 6938
97 6917 2939 8101 7775 5998 1698 7607 8862 3394 2878 4445 9003 1937 3758 6613
98 4390 8305 8014 5847 9796 4521 136 5075 3095 3017 4463 5307 3012
99 9210 2764 461 1835 3807 4209 8445 9710 6003 115 6379 946 8212 5340 7762
100 6624 5754 9207 3691 2874 2459 8628 4780 6273 7118 9545 2288
101 3926 634 1233 8352 9238 2910 4046 4253 5644 7447 120 7384 270 5766 3584
102 9248 7152 4671 4580 738 62 6035 3372 214 8647 7688 4341 8090 5477 425 5902 7055 5307 3936
103 9022 2872 1060 8796 3744 6127 2759 1882 676 4531
104 2858 3376 1032 7194 8510 2395 4906 3502 8583 3074 9900 2583 2465 3241 8431 1319 4214 1868 5762 9007
105 5280 3797 1663 360 6259 4097 4066 7963 1352 3334 3666 6672 5446
106 5332 6573 7062 82 6208 5715 5499 594 5661 9641 2983 5848 6744 8125 3103
107 3664 5266 7486 4450 8261 4968 5117 9189 8678 2635 134 554 5557 9688 1871
108 3841 8911 8738 5407 4229 1327 4542 30 3353 7252 7721 8753 6640 2844 8145 6891 745 321
109 5338 6038 4749 1479 6636 4992 5182 3450 7204 3902 8674 6631 3637 4913 2480 5445 2892 9007 5715 7153
110 7747 4808 1686 7355 8514 4381 3884 9450 9111 2967 7506 6963 4326
111 5533 2644 1195 3583 169 191 3294 8097 7841 8903 5961 259
112 8577 8002 8943 1271 132 6457 6560 2641 4938 7170
113 3722 4530 8080 4880 8508 9529 8408 9722 8033 8337 8588 1611 1668 5339 2192 7880 7240 3074
114 8234 316 8383 6826 3182 5621 6324 6748 6961 9895 7833 4362 2121
115 1639 2931 6045 2391 5093 3625 3442 1588 2215 3537 9545
116 1093 8637 7758 7561 5731 4357 4803 9820 3244 9061 6834 6799 4501 4855 5762 979
117 8481 1027 8645 2701 1064 39 760 1336 291 273 2476 583 5783 1383
118 7317 4412 8536 4105 1742 593 5040 2385 3612 4463 7120
119 7321 1066 7445 1721 3797 1363 2882 6988 9513 3101 8913 34 4708 828 2583 84 1105 4020
120 4986 3755 2796 782 6641 5283 5639 7663 6646 9781 8786 643 9598 7759 3982
121 2017 4243 9172 4414 3918 1035 667 3741 2103 3829 1551 7117 6187 3830 5715
122 7308 8264 2385 8011 539 9482 4668 5140 6538 7880 8293
123 7281 8469 304 4556 6879 7804 5508 4740 3084 2611 9301
124 2417 8376 4331 5636 7197 6783 8615 752 266 2598 1348 7413 5400 2875 9758 1534 5762 7652 79
125 7233 5548 6331 8861 212 4312 5552 7629 9752 9172 4971 3333 523 1976 9259 200 2643
126 4888 449 3619 4623 7358 8861 1867 2180 7223 4341 6327 9533
127 6914 1070 818 5861 4247 157 8147 4007 7877 2532 5161 6797 9573 1668 6547
128 8827 8131 4508 4937 8119 9650 5382 1805 4966 8797 6043 2747 6523 3376 6625 3543 9733 8043 5869 7883 2555
129 441 7685 4293 5155 6013 2082 5776 6698 6529 3038 6938 7254 3363 2
130 9887 7547 8361 4769 9283 7910 5601 6556 1813 3426 618 1871 9533 2555 7153
131 3510 1567 5804 6601 5155 3336 2948 7480 5831 1581 7 5126 6349 259 4260 9485 4823 2555
132 6971 2696 9167 1509 3188 7567 4318 746 5634 6270 3926 4923 7001 9075 3012
133 1521 8668 5209 3126 2748 6693 6656 6412 9928 6835 9159 5301 4855 5715
134 3214 7839 2556 6112 3348 1638 955 5578 4851 4934 4424 8605 4159 5295
135 9169 364 2514 6350 9888 5153 9326 1359 5818 7880 9311 1299 2962
136 7358 7503 2453 3447 4023 5517 8681 5749 8989 9316 1710 7684 475 3673 2643
137 7870 7559 8807 4739 8213 7816 7196 663 4938 919 7602 7713
138 7144 8464 8167 2379 3649 3992 8982 3338 566 1509 105 9533 321 7153
139 1767 8699 4908 7811 8758 3333 674 3293 6109 4466 6889 4170 5748 979
140 400 3806 6242 2751 1157 2835 1165 7066 8405 4203 5473 3364 8644 935
141 6452 4103 5715 8748 6877 6417 9715 887 6278 437 8744 1273 1625 2650 1871 427 2962
142 8174 3057 1633 7883 7601 6890 8052 1770 2359 5092 9999 9593 7902 9837 1750 6101
143 2364 4380 673 360 1908 2404 9576 4181 8995 9056 8596 569 7652
144 794 2169 580 5275 8074 5075 3067 4194 8064 8033 574 4020
145 3382 6739 9041 3383 4995 8580 8329 6089 5465 5941 5469 2880 5781 1665 1383 7210 8332
146 3665 3077 5563 8172 1007 7799 8626 5711 5515 6705 3759 2613 7162 5446 8387 7438 7153
147 5282 6931 6216 4531 3885 4065 4513 7674 4883 2228 1135 9956 4843 5794 1256 7699
148 3683 423 3502 3142 2061 9128 924 9344 2938 745
149 6420 4416 3262 2552 4867 5389 8274 4805 2785 8350 1943 4431 5801 2155 2986 8644 3012
150 7510 3288 1793 7909 6708 6370 4807 4569 6818 8684 3147 7895 1871 6404
151 7482 2353 5659 1618 4483 8973 7401 4645 2329 7249 7004 4463 2407 5762
152 8224 9858 3608 3232 9686 7065 7860 6320 3625 5187 8898 3373 8257 7997 6938
153 8208 2816 4386 4759 5251 2938 6590 2741 696 6531 4264 9615 6216 8491
154 9963 6569 8940 7914 2461 8780 8206 4685 895 1176 6061 2327
155 4572 5204 2645 1153 8486 2823 5855 389 2302 3613 7940 786 2962 9007
156 2669 4032 4774 8389 1318 1361 8016 5339 7573 1534 5248 979
157 9196 2958 5121 4124 6899 6961 4754 1205 4111 4838 2574 9273 9968
158 1034 4891 6840 6862 7743 4142 9413 3610 2197 503 1752 7751 5504 7153 1668
159 8722 1573 9784 1146 6464 6030 2584 8664 5708 8247 6560 1150 3144
160 7903 5202 2258 1708 6577 8904 5232 4031 182 2127 1737 5504 2533 6258 9013 9968
161 831 5240 102 2160 5553 7190 9738 8010 2169 1267 1785 7922 6385 8512
162 3588 7236 3256 8195 3981 2913 2676 36 8420 3173 571 1309 6234 3320 3885 3728 7652
163 7118 6060 8162 4906 3689 1481 7110 8916 5016 7148 9368 9330 1583 4801 3363 8387 7438 2240
164 3481 5611 605 3356 4363 8833 2848 2885 6763 1850 2100 5962
165 3581 233 6503 1357 3820 9333 6269 4941 9674 8898 1522 178 2781 4667 3683 6270
166 4370 9161 1163 6385 854 8125 6143 7258 1357 5359 1819 1287
167 740 2818 2401 8594 9546 7925 2215 382 913 6232 3982
168 956 8993 2470 2285 5371 5873 3462 9470 7624 644 7770 3119 3706 427 8994
169 8943 9224 6676 9755 9897 765 27 8118 2909 5867 9292 8483 139 3281 9075
170 3152 8986 8240 9459 1081 237 1940 5293 7861 9626 999 3865 8140 221 8125
171 9457 6676 5825 4354 7028 6757 6125 5360 202 8471 220 3344 345 3936 979 9533
172 592 9774 5838 9364 4657 5666 7581 8303 8810 5881 3154 4444 5762
173 5957 3727 7789 2194 8363 9014 5683 140 1732 5447 7642 8090 9842 7949 5583 8134 1429 79
174 8544 1622 9499 5405 2547 4159 5317 329 4402 4334 2628 8708 9159 2739
175 8099 6507 9953 6362 4819 2803 6290 8876 3693 8070 9045 2879 2113 7740 321 7949
176 9885 4523 9643 1902 4524 6992 9288 7954 7816 5961 5166 9003 5748
177 6599 8683 3429 208 8407 3721 3320 3209 5230 1652 2061 4107 3602 6730 6216 8671 3836
178 4819 626 932 9102 9959 674 9764 9694 1835 5408 8747 4597 9295 4258 8994 7736 2
179 2934 5548 2074 1674 9696 3111 963 6258 77 3018 5923 4301 4647 3061 1354 2389 3776 6020 4035
180 8646 7552 1927 706 1146 3274 4241 9700 5525 8507 7087 4985 2555
181 8587 8498 4871 1282 8960 6149 2950 9318 1558 3548 8535 3158 5307 1668 2555 5412
182 7044 4827 6379 699 6808 7227 9156 6628 7415 6639 4133 759 2768 4901
183 2804 1215 1555 4294 2992 6066 9830 5983 8725 9641 3338 5429 7069 6187 6938 9968
184 2549 8766 6134 5779 7804 2501 5176 7237 2976 5418 8213 3540
185 1964 725 1077 8056 5691 1509 8463 4073 8924 3499 6188
186 9171 8163 2584 7114 6224 9839 5601 201 1162 4081 3720 6153 9848 3074
187 5430 4183 1114 2472 6545 2722 9955 6846 9721 5070 1020
188 1838 6166 6794 3037 3454 1122 3096 1595 8302 1954 3163 5322
189 9370 5093 1906 175 827 5310 6279 760 4580 5446 7575 7652
190 8098 9360 7526 7351 1893 951 7655 3094 6871 8429 9147 6398 6376 5715
191 5073 4187 8640 2798 490 1613 8906 6264 6433 5906 9139 8994
192 2515 6974 9015 3267 8442 6607 7026 8345 3180 696 6875 1657 7413 6476 5880
193 5462 5525 732 6428 7617 6167 1602 5741 3117 2498 9503 7469 3368 259 979
194 3077 3454 2006 8866 6320 5805 165 4512 8231 4848 4230 2639 5846 8212 6537 7429
195 6144 1170 8410 5561 9331 7245 992 5929 1586 3210 1387 718 3077 3006 1763 3936
196 5972 9512 3987 3537 7601 645 3988 7434 6180 2892 8120 9865 538 1877 2986
197 2687 9935 2745 3857 4909 7453 6514 3002 5565 3114 9805 1208 8522 8462 3012
198 2124 1989 7213 5914 6572 8443 4987 4908 340 7806 7737 3726 3885
199 6997 4039 1541 7058 4486 7013 2815 5056 1646 3042 7192 1920 8221 3376 8125 7762
200 747 4978 1289 341 7290 5346 1719 3529 5862 5388 6609 7801 2164 3870 427 569 259 79 2
201 4225 9933 5824 5909 7475 7492 9637 8527 3816 831 4341 6170 9265 6101 7699 2121
202 4284 8113 2099 1715 6423 7888 5883 659 799 1708 4409 6608
203 4841 5607 1777 4878 8004 5787 8610 2703 2777 3837 4688 1912
204 6227 608 1189 7318 243 2017 3843 7943 3677 9378 4896 4341 8722
205 7567 7003 7058 9387 9508 4704 366 8739 6248 5326
206 1600 2631 5046 812 5581 3943 5177 1391 2963 5308 5206 7742 3753 2340 8994
207 535 4851 3805 8187 3054 8949 709 5679 3297 2547 3977 503 8133 5677 9215 1774
208 6332 6854 9256 7823 9 9035 337 5842 6302 463 3081 7762 7968
209 8008 5462 7248 3243 9747 287 8105 1799 888 4887 5451 7474 7754 3351 1695 5445 4340 5412
210 9108 9140 7909 2843 6954 8740 2318 3937 8699 2464 7970 3964 5677 1668
211 9366 7114 6338 1927 7638 8436 3595 7307 6331 2873 6613
212 6723 5730 8803 8983 4624 3202 1098 4633 8156 5048 3132 8763 3775 4884 6613
213 9744 5825 9019 1276 9939 9029 4651 8199 6337 1229 1456 838
214 5554 4806 1106 4123 1686 517 6037 4347 4703 9855 702 5386 8005 79
215 1000 3742 2457 2536 8159 766 2301 2372 3005 8585 712 3877 7880
216 6953 2291 6478 3879 311 1298 9675 3270 1663 2225 2191 2426 4965 6827 935
217 1111 5395 433 5353 2231 9388 5415 9048 9997 8434 2340 79
218 9194 8542 5950 9034 5055 8957 7164 44 6516 8059 9654 9409 4901 79
219 5246 7060 154 390 5754 8714 8664 5965 1569 2404 5445
220 5486 2997 8899 2062 6712 182 7586 9395 1017 3946 9702 226 2550 9989 7949
221 2638 8739 3404 3363 3126 9281 5195 2109 8915 2197 9593 5386 447
222 6342 3999 3735 2203 7875 2952 3724 4555 9219 6776 850 176 3304 7949 321
223 9388 1391 7411 500 479 6339 7542 1161 9526 6918 979 7429 7652
224 1963 2973 2157 7611 1790 1893 1316 2778 2603 6241 2985 7110 3584 1375 2904 2263 4035 8994 79
225 2830 1349 3923 3277 9167 4079 672 7298 7414 8467 2732 9139 1343 2240
226 738 463 2925 4097 1854 6824 1071 6959 4703 9137 7223 8814 1668
227 9959 2685 3227 9726 9081 9146 436 5886 49 8111 4326 3885 2240
228 5630 8358 7398 498 8718 7935 2701 5521 5125 6909 2615
229 8994 1909 7040 8817 5168 989 3014 8052 741 852 4786 3543
230 3484 920 4987 7953 7072 9056 2802 5103 8572 4485 8081 200 9007 6547 3074
231 6565 2346 7383 4832 2930 219 6351 2296 8701 6762 997 1640 7984 4240 820 9842 5715
232 4835 9878 8514 333 585 6585 8715 9197 4266 7453 1253 4042 1009 6675 6584
233 4147 2495 3789 9248 5958 1178 9255 6502 2343 4319 9823 1323 9407 7638 219 5862 4311
234 6635 3153 7849 2326 2746 8204 1785 6375 5193 316 5235 4073 3895 4402 5895 8183 7782 1668
235 8216 4659 5628 1623 139 3871 9132 4140 5032 3387 7542 5838 3140 1430 7517 2240
236 6740 6737 33 2590 8281 4076 2170 1230 9611 9600
237 8294 5388 3828 9192 2882 8115 2450 7328 2886 4238 5006 843 979
238 2432 871 2272 2681 8836 1048 9653 587 1194 2573 8840 4873 2986
239 5148 2279 3189 5929 8990 6048 448 9845 1881 1495 5639 5715
240 8823 9093 2206 9941 3929 8358 1634 3747 1080 2710 9412 6547
241 2596 4158 4808 8900 7902 930 7353 2737 210 3735 3126 5283 3965 4037 9244
242 3172 6402 8953 5750 8000 9646 2400 7121 3019 102 1345 4583 8406 2155
243 1549 8010 213 142 3508 2313 7149 1614 3028 949 2465 9688 1328 843 2240
244 5584 1401 6496 3144 2730 1950 6647 9770 6364 6325 8749 516 5707 5479 8965 1997 79 5962
245 8808 6509 7516 3450 282 6825 7078 8682 2415 4604 9133 2822 3700 3316
246 2119 5296 1040 3667 8831 5917 6260 3306 2183 4189 2795 6188 1303 9609 300 2904 3894 2240
247 5920 2962 5069 7364 2602 3362 8785 3336 6951 1115 265 8313 9374
248 7248 3770 2483 6318 6786 969 288 844 2562 640 1091 3700 7949 5715
249 2274 5549 3135 8858 3837 3645 9966 3461 8683 4477 5138 9102 5917 7652 2555
250 2044 6594 3358 6042 9453 1348 2191 1405 9526 5568 8632 8613 7732 5509 454 5341
251 357 5963 8571 8188 7042 4284 6562 4166 3655 8595 5019 7240 6170 8069 3111 9533 7153
252 7870 8627 3739 4531 2981 6908 2126 3715 5835 638 1850 8125 7786 1125 321 979 79
253 7495 5663 5112 2494 325 7021 6105 5675 8774 4576 238 9533
254 72 7771 3995 392 4651 2272 9618 4140 587 1075 3232 2986
255 1063 4591 3086 9276 4953 5287 9131 1558 2431 3563 3374 9129
256 8298 2586 1763 2012 6777 9537 1078 5825 1409 1479 8033 1987 4402 8125
257 915 6454 9831 4550 4080 5389 9125 8841 9258 368 2381 2920 3630 7219
258 9133 4635 8750 5290 6588 448 4551 1766 5536 8457 2699 1105 7153
259 9067 1991 540 5738 3392 436 3908 8457 566 8644 2707 3103 935
260 7718 9798 6507 493 3649 8221 421 6878 7155 8440 2595 3894 3074
261 9321 6793 7216 3653 6181 1020 1809 8038 3940 6879 8352 9380 8722
262 7484 4763 8228 4849 4008 9451 1372 331 5622 4281 8928 447
263 1972 6341 2640 7615 5379 4180 8619 3605 4041 9398 6667 9667 8615 4326 8125
264 1438 1176 8075 6946 6836 6928 3768 7414 9423 8196 8522 5552 8150 5660 5643 9244 5715
265 4496 9811 9634 2649 8224 1620 2709 3217 6102 716 3757 9031 6986 4855
266 7105 3762 3030 1676 473 8068 3747 6035 639 8704 3419 5534 6102 3894 4035
267 7435 1109 9245 5023 1223 6116 2735 3383 4560 3153 7504 268 4288 2979 9600 2240 5869 1774
268 3602 6034 6066 2776 2503 9327 3642 6027 5335 658 9785 1081 9709 7652 7949 2962
269 1004 2823 7448 8073 8743 559 4540 7986 5919 8306 4182 1287 4314
270 9140 8272 3350 8336 8637 5204 7384 4242 3284 1702 7949 3074
271 1581 5428 5960 6586 2499 1771 318 2935 631 5401 8753
272 7641 750 4251 5146 949 1078 735 4057 8457 3081 2398 1356 2175 9933 3877
273 8085 9502 2630 8054 7208 6468 9508 336 3079 5038 7265 8426 5029 6650
274 9466 1097 7058 7999 2959 6826 3130 1379 2412 3032 6134 935
275 7901 9818 9386 6832 715 1637 1807 1410 3378 310 6134 5437
276 2441 5153 735 7229 1078 3056 1364 7927 805 8574 6189 5871 2288
277 7480 8923 8965 155 8225 5477 8579 2202 624 320 9226 9524 3050 3195 5248 1353
278 2723 3235 1506 307 9355 6401 7947 9211 1811 8408 705 2365 8905 1299 3032
279 2327 838 52 1201 1309 2977 1942 3539 6794 8029 5426 1436 1542 1611 3013 8649 7413 8344 9199
280 7063 3758 5127 2506 5331 3789 5493 8975 273 7213 6597 9685 4437 8134 3371 2288
281 4965 9199 5726 8768 2951 9899 1621 5251 3409 7853 5810 6952 8040 1722 4066 8888 7659 3012
282 4242 3947 3586 657 4116 5494 5693 2169 5143 9004 6465 653 4892 7880 8130
283 8714 4094 572 1777 2169 5086 1320 4712 7925 8800 8396 867 9224 7652
284 7797 8904 8954 649 7042 5287 1280 4835 1348 5185 1386 7386 8922 79
285 1716 8484 9671 4366 4641 2120 4565 6223 2232 7738 3637 8175 5437 5880
286 9725 2386 3973 5587 1302 5000 4538 8989 2676 1571 9453 7699
287 9484 3846 7527 2148 5829 1279 5450 146 4107 8920 4020
288 6269 1291 9734 4944 6882 2296 8520 5178 9262 5547 8794 5359 1297 724 7290 7709 2240 2962
289 5179 759 4671 3802 9172 3934 2722 6148 5442 754 8059 8140 8994 79
290 6172 8268 953 9315 7680 8444 8330 328 8459 2424 7038 9573
291 7792 5765 8216 863 5209 4721 6547 7784 9532 4671 9013 8125
292 4461 7817 3600 8389 3038 2186 6119 1113 3745 7811 9160 321 1984 2240
293 970 354 9732 9691 4463 2492 8682 7796 224 9700 3885 5247 6082
294 4326 6579 5085 761 2354 6103 2702 6681 4483 4304 6845 6919 200 5064 3982
295 3693 827 6022 8476 361 2214 5347 2293 210 1882 5437 4352 9007
296 7425 4099 4568 9204 1598 2919 2225 2365 6690 71 2475 9301 7699
297 1302 147 1626 5144 5342 1310 5146 7889 7770 6784 9230 3240 5869 4985 5715
298 9835 6389 8051 4970 6478 8722 4304 6381 945 2834 9602 2644 874 2369 3303 7219 1299
299 293 946 8041 3682 9554 7261 8520 2688 4387 9733 6189 7806 8887 3077 2327 3012
300 2296 6522 5580 8288 243 8186 2129 4253 2946 9997 9065 780 5483 2643 3074
301 4558 7404 4778 9146 7926 8004 3565 3840 6039 4461 1383 7029 2634 8922 847 7296 6020 6827
302 2545 3442 297 4417 7967 6492 7635 5275 1734 711 8140 3781 745
303 8984 5789 3283 6345 4118 500 3963 3318 8487 9968 5826 447
304 4915 2430 5676 7797 8568 5520 5084 6260 7314 5529 2494 8977 6428 2555
305 5533 9529 5960 8944 9352 6886 701 5757 1705 2744 8776 712 3379 1984 7240
306 7545 6851 3614 2614 6299 4158 6558 1571 4484 1978 6321 7795
307 9568 7424 4434 8021 6315 3587 366 2458 1435 1607 4901 5507
308 3723 9184 1639 4393 5757 7362 7556 5786 6335 9241 9608 2544 3074
309 3971 5158 2701 167 7104 5131 4325 7879 2680 6351 4912 6134
310 6211 1581 1757 7734 1335 4582 8241 7114 6311 2871 3132 3240 3023
311 2824 9001 4763 7215 9706 2071 2614 7648 7274 4912 3111 2
312 4508 5540 4071 362 3657 8705 8234 2278 1981 64 7162 1682 3048 620 9834 9027 5783 7699
313 9867 0 3104 5589 7131 5331 2256 2457 6615 1938 1840 9920 4778 6134 1336 3543 7949 2962
314 5045 6437 544 3785 4293 5094 3009 2329 2939 9705 8462 6447 8994
315 5606 3418 1171 2622 4981 4015 6575 8057 9130 1657 1984 8125
316 4594 8295 7289 9993 9604 8067 1577 544 6018 8837 8118 347 1311 9047 9834 3106 7736 5412
317 5864 9471 3724 1394 8614 7939 7014 7525 1952 1255 6673 9676 2875
318 2138 3867 8624 7523 8786 6554 9948 6948 468 7167 7713
319 3746 7736 9823 8672 8109 2582 3715 7591 4840 5363 3285 7318 88 2005 5738 6161 9930
320 3983 1456 9808 7603 1164 7965 3987 7827 6840 5743 206 2685 4636 2699
321 8588 6540 3153 4421 7426 734 7164 3229 6183 7843 8410 7023 9483 8116 6635 2240 7153 2962
322 1431 8625 5394 3064 574 4332 3015 1914 8966 1888 4175 5193 1721 2923 7454 3376
323 6439 1639 8597 2234 9711 6706 8987 41 4033 1443 376 5300 9367 2109 7219 745 5880 5715
324 3537 8581 301 4761 7734 3422 6025 9799 8480 9488 8392 300 9007 2240
325 2479 2548 2236 5764 8674 7340 5624 6709 9968
326 2308 5509 8413 7603 5151 6461 8819 6624 8785 9993 3728 427 2
327 6492 8586 7543 3454 8276 2850 9954 4532 5424 5182 9348 5446 5122 7883
328 3171 8629 9064 6017 4183 7234 1841 3672 7327 3714 9241 9848 6258
329 3980 5537 1678 66 6878 7660 728 7195 1903 6387 9036 7474 1625
330 482 7937 8298 5456 587 1692 7976 5109 4087 1366 6404
331 9263 8195 7972 3267 1796 4435 1839 6985 5607 1689 7113 9811 76 3758
332 6158 7843 1399 2506 4185 661 178 8455 9178 9990 3752 3758
333 8935 3594 7090 8779 8735 84 6008 3609 7459 2406 2485 7956 2752 4510 2143 8495 7709
334 2469 4186 9475 2715 2161 2436 4857 1307 9126 2818 6369 2409
335 7409 8732 4270 6105 6507 5447 2585 3855 6778 7747 5789 9083 450 1979 3936 5962
336 2658 7741 8469 838 2187 8280 2201 9809 83 6587 6201 1625 8920 5964 3363 2491 2 4035
337 3095 6205 7726 2138 5017 1977 9250 6607 4511 412 2121
338 7965 4478 5447 5389 7213 1202 7693 5873 65 1629 9362 6770 3238 7429 4901 8387
339 6626 7859 6717 9255 1888 91 7461 86 1002 614 7787 2962
340 2272 5534 3794 7307 1075 7741 7947 2721 3896 6608
341 4814 588 6848 2536 2742 337 5840 5032 9073 5609 6482 2288
342 4010 8851 5242 9085 8898 5582 2296 822 4972 539 9889 5258 7037 6863 9197
343 2008 9657 6480 6273 5808 3848 3611 7525 2788 3870 1423 7688 3012 4108 732
344 8781 5611 7885 9405 5706 4291 9312 6713 3461 4901 476 1534 1668 7438
345 1380 3997 8741 9018 9736 9350 8334 9899 6012 3801
346 741 6063 5158 7543 8264 6524 845 9926 5797 374 6534
347 3249 9079 7522 9510 240 7675 5152 8143 2290 6042 7606 8188 3506 6049 6115 2155 3427 7713
348 9859 7248 3907 8594 4562 4665 5049 877 1448 6467 7147 4855
349 4086 8081 4674 6095 7741 6413 4522 7969 4332 1224 6164 3003 88 3836
350 1379 8461 632 5686 1574 5809 4448 4054 4121 141 3835 6334 1058 3982 6547
351 8136 7206 9776 1394 1740 3681 9414 513 8781 4464 141 4736 5693 1052 218 7353 8209 4326 9968 427
352 3501 1108 335 578 8882 6861 9331 5665 9968 6621 8958 3958 1956 5715
353 2987 6762 8882 8167 1694 828 6758 8319 2485 7043 1128 3396 1982 3697 399 6467 4664
354 5660 2000 1620 1693 8331 4181 9577 5163 7537 9956 5186 8718 5962 3064 3377
355 153 3628 166 9061 1096 4122 4533 7585 6141 6458
356 4151 917 9597 5666 907 3784 9477 8367 5044 8921 7577 8743 2206 7087
357 7086 1226 3586 6434 1408 2229 4553 1071 4632 2325 2825 6439 9843 647 2240
358 6964 3961 5036 96 3824 1044 5466 3542 3005 8768 1007 8947 6482 8722
359 2125 8964 8308 7413 1577 8850 416 5228 3286 6695 877 9626 574 1246 2595 3877
360 2089 2130 4585 6195 2076 6030 5897 6316 6176 8307 9707 9129 4035 321
361 9791 5503 9768 847 1765 4761 4924 6752 2872 7021 731 9485 8942 9834 9050 5898 1668 8994 3936
362 1151 9266 6103 421 9206 265 2844 8659 5705 1407 6967
363 1540 5779 8258 3525 9228 4775 3876 8227 8638 6353 2419 8331 8293 8994
364 9317 8972 89 1236 6133 4998 524 3486 7772 8815 5001 1091 1032 6296 650 7240
365 1902 4439 348 882 1294 142 4394 9437 8062
366 8609 1657 1070 6691 8675 1021 2152 4577 7350 7215 94 7302 7185 8812
367 9862 1219 8036 9294 2531 9295 7345 4059 2803 8358 5216 240 9270 3316 259 8116
368 263 5571 2071 3860 8703 7967 3644 621 3748 9404 2986
369 4032 8464 720 3784 2155 4693 9101 2803 7840 3902 3825 3543 5880 3012
370 5419 29 510 2780 9274 6606 1650 1052 7598 2538 6082
371 3536 6823 9106 1789 7962 5836 1574 7314 1317 7226 1299 9392 9011 477 3586
372 8739 2745 70 10 6175 2176 7304 4257 5379 3764 4597 7763 3188 3584
373 8443 3604 196 1710 1851 7974 8138 4237 7087 3037 7469 5966 9075 3982 79
374 694 1682 860 1717 4426 4595 5220 7294 4013 8511 1091 6771
375 8032 7231 3793 6872 7625 5127 3829 4786 4340 8209 9545
376 9087 5679 550 4401 7513 3851 5054 2485 9871 2851 9389 9407 8419 5229 6953 5437 6903 1383 7296 7575
377 8501 650 8734 1586 1423 4620 8084 7118 8196 8276 1762 7606 6369 6327
378 1451 6546 7214 5434 8521 5131 3193 7938 4588 5402 2190 8618 5156 6101
379 814 5626 8410 2900 3655 6718 6715 8630 4178 4304 3962 9374 4314
380 2730 1342 9440 3392 9372 3031 4693 1565 3014 233 3656
381 227 3404 1562 4382 7174 919 3438 1046 2460 7163 3877 4253 761 6611 2327
382 9215 6925 1327 6905 3829 5100 7899 1212 5697 1888 4298 9303 6672 2668 4199
383 4128 4662 2013 5672 4308 2500 6132 7143 2476 9816 9409 5240 2818 2233 3113 116 7883 183 5715
384 4696 8014 7239 7218 9706 8384 8275 734 8297 3125 8416 2392 605 6437 3836 935 3936 79
385 8106 6231 1150 1134 1309 7377 9882 4201 575 9348 5885 7676 7169 5582 8269 1979 2962
386 7389 5574 7232 8934 2263 2900 3168 5468 9803 3978 3867 1761 6454 935 3012
387 5429 16 8722 9933 4402 9068 1648 2864 3388 4462 2494 6546 2673 2542 6938 3146 1042 7709 9842
388 457 20 8253 7784 2030 2868 5119 8213 6828 3762 2458 7044 1625
389 8225 2829 6716 6684 7155 5285 9651 60 9615
390 7111 1398 4808 5141 8023 9703 5905 4086 5701 3315 276 254
391 5690 686 3476 5560 6720 3074 1423 1195 8546 4994 7251 5853 538 798 8982 550 4326
392 7269 4599 6616 3037 828 6972 4421 7043 6062 2160 4558 4527 6538
393 3785 5710 4994 6092 1006 1673 8960 996 302 7629 7874 3376 4377
394 8650 8117 7730 8388 9695 9821 6964 5013 8385 2100 321
395 4387 4801 8357 7112 1861 3963 5400 8743 5189 4135 8447 8822 468 5962 321 2
396 4431 573 972 6626 783 5396 8523 6646 7122 1677 3714 7204 4909 9129
397 5816 4716 3563 2077 884 265 7779 315 6064 8894 4997 8571 3783 2986
398 5256 9864 2837 2221 8241 1386 3210 6541 6606 6187 4985 2288 321
399 117 7377 4851 4124 2521 2628 3307 230 8890 1323 5880
400 6594 2037 814 6568 9414 9655 4307 9057 5347 8359 9242 3113 4399 3074
401 8281 7543 5008 7426 4271 7025 1416 2736 491 3885 4985 6054 7153
402 3193 4470 4422 9760 8673 6205 1307 1130 9243 2858 62 9898 2155 5445 6101 79
403 7690 5345 9450 4356 9959 7965 5083 3780 1309 6589 9259 7367 8644 3885 9244
404 1176 458 5686 1515 8627 8562 1028 7371 1243 5373 2111 2 2288
405 8295 5011 5515 8004 9462 5062 727 603 2671 9156 2657 1686 5386 6101 3543
406 7465 8471 3216 734 3600 16 5234 6934 6348 8375 7837 4400 7997 8387 3012
407 5468 8476 3846 1824 3745 3242 5603 4904 4612 6229 3087 4995 8671 8711
408 1558 7288 4769 9960 7459 6823 7249 3895 6456 6650
409 7155 8404 3626 8511 3279 7274 4237 8789 3018 3077
410 2491 1220 9266 7484 7330 6062 429 1735 5007 3001 7537 1043 3936
411 7218 4955 3469 277 131 2429 6654 3524 9543 5005 2546 8810 9467 8209
412 662 5754 6144 8425 638 9094 7924 1758 3401 2191 3291 7679 3149 7105 7133 1429 5962
413 6471 4557 7075 3523 8698 2508 29 9329 1664 4870 3837 9129 9968 4199
414 624 2462 9147 8676 3966 1331 9448 2796 7110 1603 2158 6258
415 312 133 1458 9087 723 6876 2915 4191 7603 9537 1083 9968 7732
416 1280 5705 7852 4475 4867 8460 4027 9705 611 3332 9465 3982 9007 2962
417 3416 7117 6548 3193 4996 6686 7916 3048 4929 4302 1226 6401 9265
418 4014 1238 1242 8742 936 4829 3463 3251 6102 7235 8743 8717 3286 7034 2175 3074 2555
419 4088 3158 4825 8241 1055 3615 7660 6720 858 5329 4985 1134 412 9842
420 442 2189 3791 5414 6191 7028 6523 989 2967 3381 703 6790 6698 5458 1668 2240
421 5155 1632 6221 6511 8400 2749 6340 3536 7917 1547 4528 1821 7762
422 8952 4849 5884 2199 5829 3297 9076 6035 9948 4939 3944 7699 6101 3012
423 3097 6665 9196 9397 8272 3873 9905 2140 3538 1822 3748 199 9215 4176 7153
424 6055 2530 242 482 6841 9370 7818 1006 7713 9014 745 9244
425 4252 84 9247 6196 4280 9028 7329 870 6663 2061 7130 9715 4784 9032
426 6611 3415 5956 7078 675 3896 8741 4569 4982 9871 3548 8989 3227 385 977 2569 2013
427 4995 6722 8033 5431 1937 53 1630 4437 5024 600 4328 847 8227 3521 2962
428 9366 7901 7980 4289 639 6353 5015 4263 4911 6387 7575 7762
429 9588 8399 1259 4029 6461 984 5991 844 6511 7185 6920 8245 8387 8580 4619 2986 6258
430 3525 7020 2006 1183 982 8869 8255 868 4704 5543 79
431 8186 7340 8779 4456 4517 1788 4064 7442 8461 3463 8028
432 6793 4791 2059 7427 8523 2191 3888 9189 5867 6084 7699 1343
433 5407 5208 7467 9239 3853 2499 3573 429 9060 1115 2564 3897 2100 3982 3758 6613
434 7430 4195 652 3739 9159 7197 4243 529 2078 9954 2190 4749 4501 6938
435 7685 8011 9648 191 5099 4791 5958 847 4558 6506 3163
436 5365 9798 5933 6345 9650 6096 4292 1093 6167 4917 8934
437 7807 1398 8278 2055 9558 9657 193 2727 5883 9667 1678 9224
438 7770 8368 7681 5310 2927 894 1952 1246 3524 2648 2691 8243 6810 2670 9842
439 247 262 9622 2673 8430 8943 9526 4638 5393 7173 3207 5006 2962
440 2925 8145 516 5661 5614 2985 2483 6895 8424 9531 788 6952 3606 8248 3584 4913 2962
441 4089 2805 9137 6609 9445 7544 144 7155 4466 6364 1800 5885
442 3959 1044 417 5085 2922 5400 2614 8170 6000 4936 8391 2867 9930 1934 321
443 3783 5350 7859 5022 4777 71 6209 802 3389 3841 5809 7022 2699 7147 8130 6613
444 5429 1889 1285 7117 5887 2706 4924 6470 6691 8143 5285 8260 1000 1139 2611 3883 3074
445 6179 1902 1195 2798 9604 7525 2536 947 7999 9585 5895 2150 6675 321
446 9067 1441 3280 7536 4821 4034 4243 8015 55 5795 6370 7522 3561 1248 3284 3316 9931 220 6428 6613 3894
447 296 3821 9181 3378 2770 5567 9716 4444 3202 5422 7986 1301 7426 3914
448 4084 660 3886 1672 4559 4489 8942 7025 6379 9739 1929 79 7709 5748
449 6502 3813 6069 3622 9134 4942 5797 7279 4693 3230 8914 5702 2327
450 6507 1181 7556 809 8173 9060 2120 6176 9818 7591 2655 756 7069 2326 4988 7545 139 7296
451 9148 9229 8061 4891 4328 2872 3707 2403 992 2971 3775 1950 2904 7949
452 2707 250 9093 3015 5880 6115 4907 4736 5146 8845 366 1517 3772 8851 687 3043 3012
453 4310 395 4386 5856 2433 42 2998 8785 8689 7837 6355 5307 3936 7762
454 7776 6974 6704 2567 3414 418 5886 1276 8193 8212 8431
455 5531 2572 8391 9716 6888 6405 2227 6260 6721 502 5661 1881 3708 9292 9139 321
456 7489 5359 9711 142 5401 9800 4596 4899 6663 5595 2786 9292 1798 7009 5412
457 9986 7362 9445 8391 8720 267 2868 6863 4071 379 2450 6502 8238 7659 8284 6613
458 3324 7567 9930 9094 7221 2754 2585 5230 788 1935 7208 268 8814 476 6547 4199 5715
459 5662 7643 5043 6563 915 4172 2245 8307 7609 3815 4279 6588 9265 4527
460 7775 8600 7883 3195 3018 4795 338 8728 7276 9569 8337 2249 4766 6958 6991 981 395 6258 5412
461 2963 6357 4148 4287 8861 4013 9787 9781 9318 4797 1353
462 4301 7318 8948 9627 2859 5859 318 8436 8451 1636 2562 2264 2643 2962
463 3727 5880 2371 5492 9655 151 4485 9482 2539 3691 2871 4189 1908 4501 7977 5194 6178 4442 2643 7153
464 2500 8806 9690 4039 4910 2519 8240 7715 3653 3505 650
465 3973 9429 8526 2133 8236 6286 6445 4743 5312 6410 5866 5003 9545 3074
466 9967 8516 5796 9797 6275 8980 8060 3744 9342 4822 2101 2887 8116 7438
467 3716 9988 1191 9458 8279 4364 7406 6459 345 6652 2015 2085 5302 8267 3261 3936 2
468 9828 7231 2499 439 7201 8773 6119 6858 656 7360 4286 148
469 9711 3541 5392 4137 9170 7947 8074 8328 7946 1745 5810 1774
470 9440 3121 9683 5442 6763 8413 7363 1574 6056 4077 7698 6937 7443 552 1476 9301 2555
471 7239 8707 8604 4688 1637 9420 2417 4752 1424 8458 5192 9440 9224 5869 6101
472 3928 8287 6780 3310 530 29 286 6637 2689 7038 979
473 3211 27 3122 7073 9839 8018 7697 97 3308 9887 1956 7699
474 9566 5277 6144 6961 2462 773 5734 6078 3230 4296 4963 5078 9233 3275 1351 7082 6054 3106
475 6076 2225 6213 2703 3041 8272 7391 5360 2351 6545 7413
476 616 4214 1930 7329 3887 568 9308 6654 6912 1695 9409 6503 7709
477 1757 4837 6231 2188 4123 5941 1834 6488 8275 7490 8150 8752 7426 9483 1139 3830 2
478 5679 7713 5677 8992 9463 2196 2896 6329 1682 7893 5526 2623 2759 3521 2327 9139
479 6880 205 7991 3812 1625 6378 901 387 7802 1533 7662 3128 3132 5562 7664 2340
480 7362 5433 9521 9305 9366 810 5637 5691 3908 3762 6748 8710 8105 7438
481 7306 6809 3253 8806 8647 7185 1637 3394 4511 611 3263 4055 1571 6534 2240
482 2215 4646 9675 6309 6491 7923 2087 9924 9388 3434 4457 4199
483 1047 6691 2953 4561 8072 5012 319 9953 8960 3053 9191 6404 2
484 798 7503 5322 8092 138 5485 2286 9522 4045 679 7338 6457 2572 9451 2240 8125
485 9274 8831 1628 360 3031 3404 8010 5490 2998 1437 9666 847 3371 5437
486 4015 8390 4830 8081 7815 8152 854 8159 3068 7251 5950 4624 5097 5869 3074
487 2224 9395 7627 912 833 1718 3377 4560 8793 5195 3774 9007
488 5997 3097 4755 136 137 6065 7218 956 9566 9664 1428 6232 4211 8491 4282 3362 7880 4091
489 1847 1942 7904 5555 2228 7197 7500 2068 6762 4093 8818 7482 9640 876 239 6134 2643
490 1352 6429 9389 5610 5013 5930 6275 1793 7043 3648 3905 374 1668
491 6924 3351 6694 2463 5680 7121 9673 165 491 5525 1555 2175 6258
492 2796 1945 2860 9654 5958 8211 2256 291 1604 5257 7569 4965 174 9392 1878 8918 4326 9139 3543 5715
493 9233 5656 9931 8517 6422 8119 9638 3240 6628 3634 1467 8780 6295 4757 600 8125
494 174 1636 1548 339 4691 725 5622 885 6368 8424 8287 4170 352
495 2996 1733 2998 3069 2186 1892 3397 9816 5986 9313 9487 1477 2666 6613 7153
496 7134 2981 5649 3672 6444 1881 7755 6693 3692 3260 2533 7762
497 6666 3941 7445 9590 9547 8057 2314 6521 7921 8097 5523 6538 6170
498 2730 1606 3895 3392 670 6501 211 9934 7682 1851 1325 2426 9304 8814 4824
499 7116 6132 3900 322 1916 2504 4347 2300 976 7975 8029 190 935 1125