100
0 1 0 6779 6052 238 3 2 97 91 18 25 949 2498 6045 21 8461 1110 9 2334 1776 24 4329 452 14 7266 19 1017 103 425 8871 31 92 110 8
1 278 1 25 0 9903 464 58 1403 22 430 178 37 5519 2 323 5361 4 46 364 41 831 5515 1572 5 700 7269 123 3198 14 13 10 11 6890 65 7 485 1290
2 13 23 0 12 5 3 16 137 1966 9547 2 7995 27 41 1 111 2610 11 10 65 722 2878 34 344 32 29 6 110 102 54 88 47 252 1495 3244
3 2657 3 75 173 134 18 0 499 7 11 24 1 2517 76 28 168 165 59 273 4 2 16 1424 6 2942 60 61 13 19 9 78 3097
4 229 2706 0 3689 1 519 2 5 129 25 511 36 4 2098 3056 503 7687 76 13 6 26 72 676 941 1582 27 2088 724 50 10 14 147 9
5 0 439 48 452 262 5 11 3016 284 9 1 202 7574 1846 109 28 4790 582 12 37 1740 8 526 2 3 7497 3881 105 21 2076 3110 1263
6 2 25 86 36 18 256 2951 1 669 0 85 4 378 337 169 7 6044 12 13 15 20 3 498 1806 1058 56 193 426 61 7347 1334
7 38 74 0 11 4848 303 1 6031 119 848 807 4 170 5 118 168 584 30 230 458 5429 4752 7 933 31 1315 21 41 2 1590 5222 380 6 66 15 2045 60 485 583
8 11 0 4 12 984 29 2960 25 2 20 178 24 37 8 240 212 1039 17 3266 295 406 1 1137 308 6 8620 27 5 1845 1581 21 53 64 751 88 103 1089 199
9 4253 16 5 0 9 1 33 293 10 13 7 5226 6643 48 1313 3 316 425 123 7192 1756 174 26 962 2406 6 5442 54 3972 2 21 676 6729 138
10 203 1363 4 33 2 26 1390 836 24 12 17 4430 0 6 346 533 2950 11 2628 9053 529 23 559 9086 4526 5638 1 142 1041 4372 628 13 2848
11 2 0 24 18 7884 236 50 1 492 5 72 3000 653 349 17 3 7155 3224 34 111 203 11 7 6 112 31 245 125 90 8601 6408 1621 35 372
12 61 845 0 288 2 117 29 1 3 6042 11 1378 45 6571 519 78 28 2177 300 154 1250 383 9 2757 57 116 7399 2961 90 2128 10 5762 796 3955 16 1476 554 3110 1502
13 11 2 1 3324 0 129 35 5834 1677 1152 3 107 46 6 1967 757 127 24 952 106 885 14 602 4 1105 422 25 18 6943 152 27 1951
14 17 1190 71 143 46 0 15 35 231 9 4 34 65 1216 137 233 168 115 355 1861 6979 47 1 3 11 25 1324 437 2619 8168 201 1807 5038 4133 316 120 708
15 22 52 3 0 5 2065 54 7 138 1161 103 405 3476 233 3679 8 284 2114 19 2 14 87 1489 39 4 1 206 20 1345 9021 60 186 45 43 2521 280 329
16 1 50 66 24 0 151 10 1576 3 275 1296 17 9295 11 36 4 3500 2 7 2522 148 1979 6450 1100 87 1026 246 145 170 73 196 5526
17 2 8 454 0 7 94 14 186 5893 759 20 1 3 4278 5 189 12 38 1710 346 435 42 493 3900 76 19 249 10 68 187 665 1951 176
18 0 18 1687 286 2 3626 95 4 157 10 17 4781 178 56 6 1 33 1052 118 169 546 465 8703 3 939 21 7 13 7593 486 3831
19 250 1 0 345 5 2911 92 26 96 2 14 9134 75 3 131 15 4 37 28 4063 13 2453 188 1132 22 2193 571 114 9768 168 2233 73 243 21 262 8 277 468 3477 708
20 26 62 148 19 1 247 5154 39 210 1039 1290 15 214 11 137 250 0 280 23 3 7606 516 27 2979 107 935 2 655 88 8 218 20 406 44 9798 712 82 6 561 9519 5526 900
21 6 0 109 412 2546 18 8 23 9 4 13 168 10 342 2025 77 9677 12 1 2 85 1148 74 5 1304 409 2160 156 1293 474 1128 249 6379 15 625 2848 1482
22 73 96 0 2 49 23 859 4 1024 6599 40 69 442 37 3 6035 1563 7 11 24 462 389 244 205 47 14 173 1 89 157 22 822 6731 197 19 138 1310 5926 9517 1290 7624 1737
23 4 50 1156 26 39 33 0 1042 2 3 5 11 8 1 7 55 93 1948 3843 225 35 2187 233 6 17 1429 64 1728 22 1959 126 9559
24 4 31 1 330 186 9 40 2 62 6697 3301 65 91 20 0 167 3699 21 1217 323 3 5 181 602 6 769 75 25 641 1011 725 6238 252 2060 138
25 0 463 1 433 2 807 26 83 4060 1532 4722 2587 226 17 3 36 1490 21 90 14 57 4 24 9 48 51 8 22 1859 2191 69 176 2264
26 28 1436 9798 2844 222 406 63 3 0 12 1027 6249 328 4 1 587 2 5027 289 469 8 13 9 27 258 1127 3730 1816 2333 597 278 4807 4335 1554 1388 138 2591
27 0 431 12 3 6 5 414 4584 121 45 1 33 286 2805 71 9 343 17 10 160 57 35 59 626 2 52 5812 411 48 2148 23 8 3774
28 272 0 1150 44 1 29 55 105 301 51 225 205 4 3617 830 588 3 148 1865 383 402 121 37 315 1694 17 2 478 815 9 19 309 7 8 554 900
29 5 448 671 226 9357 0 153 1 4 69 6438 156 6 128 360 437 17 2 15 909 182 1078 112 936 42 9 158 34 8 224 329 175 723 14 27
30 1 4 2 19 234 435 0 625 517 3502 13 64 22 38 1210 1401 58 1518 40 621 418 1332 178 150 151 44 9 12 349 7431 112 659 65 184 16 992 46 97 408 2196
31 5 3618 1506 47 50 1530 354 7070 1320 0 238 29 7 24 4 6 3 12 172 2426 39 5021 5359 918 9 132 27 4683 53 9162 126 138
32 281 0 31 1414 4 6 1 175 10 2882 113 5 3 7170 180 81 861 32 89 6382 12 1368 15 18 2 3458 34 9 709 176 3849
33 582 0 66 39 14 2 1257 151 2624 446 118 6 990 4129 7437 289 523 2219 2862 75 20 31 8 82 203 17 18 57 34 25 46 16 158 3600 176 2848 3097
34 0 55 89 4104 5850 1 1378 264 550 3 24 1866 10 2 2986 101 4685 148 99 70 65 519 4 42 134 8076 77 4474 3768 35 9 6604
35 0 1 7970 259 11 2 10 25 2239 483 1074 1909 5221 6012 344 8 7 3 4164 137 55 471 44 529 23 28 52 836 316 186 5 14 19 4613
36 676 0 6 35 4 17 49 1 2 105 406 206 1005 40 5 225 864 24 9562 1481 1141 1922 20 379 336 3 158 1102 8 1168 3317 280 309 3110
37 3140 10 322 19 1372 412 0 6755 395 62 2 6 15 18 51 514 866 16 817 594 54 106 1233 363 1 69 4659 57 6130 3 587 7 14 1089 120 1958
38 1 718 101 590 41 18 2 4 1456 105 906 170 147 0 165 768 257 2696 6166 6 15 1073 42 1329 320 6037 1844 549 1958
39 1854 10 1 1251 322 94 3 68 46 2 701 209 186 189 34 1743 172 56 99 2503 1927 86 0 2383 13 6 9 219 166 632 4768 138 1671 5921
40 2 0 3 412 452 68 20 210 5 796 4 125 490 92 284 1 294 32 97 566 29 2850 216 13 331 38 2639 8087 8 12 3849
41 5038 1 12 2 20 71 0 64 52 1516 5737 99 4 156 1148 21 35 50 11 722 3 6538 1706 136 2344 14 26 7 554 2076 1679
42 0 3 131 42 73 7 1 1108 432 27 36 19 94 2 8 46 5412 2400 15 8931 164 25 9338 800 422 315 4 26 478 44 6 1460 21 1552 809 1954 708
43 1 0 95 753 172 589 9794 2 5 916 6410 3 7 8 91 66 4 12 11 1621 16 23 739 3282 428 1421 1667 83 1428 4837 2424 75 948 1077 4247
44 6 0 26 6992 791 3 8056 63 4 163 5 71 1 170 4947 15 90 2568 1073 2 649 7 120 1545 891 5681 32 88 14 30 38 138 37 2291 4977 1263 708
45 1 225 229 4211 42 17 278 31 47 8 6 384 7 0 5 27 2 193 5999 239 3 509 12 462 44 107 11 183 131 8843 1601 59 1954 155 2818 708
46 9 83 0 1502 15 118 9902 4704 1340 412 70 8 2 4 142 1 3 1704 7 788 1805 50 544 8160 25 733 90 130 2838 26 12 6 24 58 9517 1263 968
47 12 67 129 140 1119 101 266 194 4 115 245 8150 775 0 5990 3 2266 130 1235 193 5 2 7685 17 23 1072 1001 109 981 138 55 28 1134 236 37 583 2264 1495 867
48 3684 33 9 5728 4 2863 0 366 55 25 218 28 2 1 3 27 115 6 3692 124 96 74 4821 5 79 37 7 5479 109 36 1371 296 382 176 2153
49 8973 272 3 419 2 297 23 1959 88 19 0 28 118 123 646 42 29 6137 14 108 64 9957 1 35 51 7718 235 69 4 63 3236 24 8 11 1752 476 138 3097
50 6 2 73 0 4 111 142 1574 1141 1084 1 3 5 2477 60 58 2575 407 301 343 24 1826 371 327 3246 560 1446 473 7 162 19 18 817 197 12 37 199 3244 3097
51 0 1 9234 28 33 4 2 8783 9 213 6 23 4705 597 788 4606 288 966 78 14 13 22 2410 63 200 7 508 21 45 1728 17 159 24 725 334 1989 2420 27 2818 9365
52 5524 1 1561 13 0 269 29 3 2625 7979 32 9 1361 2 309 5 1950 4 56 28 12 61 7 7278 207 248 30 6 51 25 27
53 2 6 0 11 510 26 21 230 7433 114 23 19 2282 22 12 3038 4 1 334 20 100 1434 62 45 17 18 171 5 13 121 216 161 369 25 4478 2135 70 225 184 948 404 138
54 119 6440 1 4 225 88 39 826 521 597 678 26 14 6 6907 108 263 7 95 3 0 2 761 124 431 24 131 6572 117 2153
55 5 2 6 460 25 0 14 132 1137 1373 117 3 163 53 1184 1107 11 115 16 108 1 19 3425 8345 8 10 543 12 18 15 377 57 789 27 3244 1495 138 6887 1502
56 32 0 16 1 23 391 11 3 108 2 19 112 4 2431 18 2282 1913 2051 179 8114 50 44 799 6348 3796 34 7 88 8702 6188 1697 3131 35 3338 22 859 5276 3756 2264 1502
57 7 11 0 1 6169 456 53 2883 82 21 25 111 2458 778 6 4152 2 268 3 1107 16 117 4859 38 5724 619 10 2683 83 1696 1595 180 8 69 708 2955 3975
58 179 128 5 235 0 1614 7274 2184 77 9175 9073 2746 1363 48 124 1741 4 11 144 730 3973 55 1902 280 21 7 9886 138
59 11 16 1264 0 1566 216 2295 2479 902 2 127 1 5 82 3 189 2980 37 762 1412 605 58 10 6 70 585 933 7 4 34 4184 41 2692 8 139 977
60 130 0 1213 2380 8743 7 132 19 9 1723 21 26 11 5442 28 85 65 6 31 55 15 753 412 18 5269 5845 1361 2604 22 90 27 257 74 280 5 401 253 38 212 5850 2 8 176
61 0 1 978 9566 7981 266 7 100 395 14 295 26 53 20 116 2062 287 1167 16 358 49 348 6 2739 265 81 4 5797 9305 120
62 356 10 332 5014 164 11 662 112 14 117 64 5 495 72 107 2 77 1841 7 56 1 16 32 2091 1610 3 0 43 770 202 214 31 23 1051 17 9 135 919 4089 583 7624 138 1310
63 45 2363 0 2 24 147 148 2178 22 4 12 33 3 280 1283 5410 115 188 1206 59 42 1183 7820 5127 2690 57 14 5190 5 16 34
64 0 2 34 352 56 4 282 987 32 299 2145 3 29 10 79 310 565 229 3940 86 373 1 81 6 356 52 5055 89 49 28 1283 63 138 1737
65 6 123 15 14 1956 1245 0 3 83 5 1 63 428 323 4 2195 34 18 127 2 183 38 402 7 98 246 6243 332 10 891 280 1954 3975
66 5973 2 51 4872 0 14 5915 1282 133 5 4180 7325 4673 300 3 12 103 97 4019 70 58 662 236 9 42 774 1 13 252 669 158 36 795 53 11 7 69 3477 138
67 63 119 25 32 8 3 46 0 39 3711 19 2 2132 240 29 2769 6259 21 472 18 7 1863 14 95 47 1 38 28 309 15 49 779 601 1225 78 9 1290
68 9 8733 68 244 433 11 0 81 4 4138 5350 2 3 1 21 207 33 161 6661 1130 10 57 279 13 253 26 12 1593 16 651 15 554 138
69 66 4964 113 3249 936 4 1 884 24 3499 7 3059 0 566 18 7231 3 699 1446 216 6 2662 1061 738 119 99 257 63 145 977 1334
70 5492 132 46 4 2033 0 76 3 501 9896 1 204 1224 8 378 6 180 297 5 424 25 609 3624 43 59 40 190 2 313 52 54 2433 1917 1572
71 3 1 2684 0 651 663 12 67 13 8088 2 41 1389 350 5020 5 112 84 4370 22 2665 15 4 391 37 3003 1099 143 29 11 2212 164 55 5275 443 197 4148 442 2591 3097 1671
72 724 0 2052 8512 12 36 15 11 710 452 4 1 7 3 3759 33 35 1126 4973 187 9 243 2 14 2218 8629 251 23 91 29 72 136 2262 356
73 0 1311 9 3 1 11 21 180 2 6359 65 17 50 74 7702 33 4 29 113 7 224 637 3528 19 23 56 5 716 57 268 359 1866 16 197 9414 609 37 684
74 2385 0 22 258 264 6 42 50 9 612 25 15 3 5 5034 11 209 27 142 12 1 168 8365 53 32 21 344 6642 4938 33 10 102 1048 708
75 762 6 141 4 0 1593 1 1499 11 10 5 33 73 427 1883 1119 3 388 62 1279 2 358 835 87 97 23 104 109 8 9 1373 65 82 27 155 1482 1671
76 43 0 2 39 3 10 3228 16 27 455 5 22 103 128 2715 245 1 11 3279 48 17 47 9 8 3596 35 188 556 20 2938 6 3379 2060
77 222 20 447 0 217 635 6 1 2 1407 21 1071 4 8466 19 6745 2378 11 3603 18 76 22 658 40 3 183 62 1888 254 59 9355 28 69 155
78 4025 0 5 9 6514 2 6001 1 310 18 365 8 23 753 3 2190 53 3274 21 67 5566 1438 76 4 1591 52 7818 982 22 28 34 19 719 96 436 62 859 138 6049 1502 7055 1310
79 17 2 8180 6 0 58 167 4 51 276 3 331 57 50 47 3548 245 3561 5 1 54 8 687 2842 36 398 503 756 13 3941 9 11 15 3520 6767 2177 371 7 199
80 41 609 2 99 36 0 2012 112 299 1 5 7 11 4680 46 10 25 6 51 71 4908 9628 17 380 3 29 15 319 1232 703 1159 8 138 869 797
81 8 2 19 56 0 3430 3252 5 103 4 93 129 1361 38 37 119 200 5170 15 28 131 3 652 94 12 1 1079 41 44 169 7 715 5778 65 3032 138 9584
82 14 8 1 0 21 1759 2 16 9711 6 1606 7 12 3 1937 4 337 32 59 37 5472 94 641 502 839 271 209 24 576 1671 138 968
83 89 6 1857 0 2 4046 1 279 21 349 150 25 1843 68 13 6607 593 1483 54 3 157 1623 56 42 155 66 14 71 6158 83 375 561 19 126 859 1482 554
84 40 4 15 42 12 0 386 26 9375 9 256 9890 39 16 111 1 5052 8 4824 2 74 86 2812 390 47 363 31 145 3433 14 1012 542 176 5091 1737
85 1 0 95 3 2 938 187 656 99 7 219 2652 88 5641 951 101 2973 242 19 35 124 232 122 362 52 20 134 9442 31 429 6234 6787 7557 720 138
86 0 500 2051 33 2221 98 238 5 21 2 4 3 1757 8488 1011 7 227 7387 23 12 10 77 539 218 16 20 351 1896 5294 5197 3790 22 2478 940 708
87 505 3 0 186 104 11 2 4227 7 4 1 49 18 5 338 25 419 4040 224 6 3053 6614 8949 169 251 101 476 4048 28 138 4090
88 47 0 3 2 26 1583 21 45 4 117 5 100 6025 3915 1 12 672 7777 1503 4051 92 42 17 6137 36 29 19 24 68 714 1591 138 1263
89 1996 4 5270 105 39 10 1 27 0 13 3644 7 447 151 665 2 11 9061 2987 1121 1318 9041 96 3 8 455 79 1340 6082 72 726 624 9 583 867 1334
90 6 1 3223 5 15 28 3 1071 0 7 21 56 6160 10 4479 8 2209 660 1808 3100 76 135 1828 655 141 229 3249 425 409 3814 2 34 158 9 24 155 27 138
91 4 71 17 1 25 9 0 253 3208 22 145 2 2424 338 100 16 47 44 177 42 48 1804 13 1927 3794 46 34 8 1119 161 120 3244 2513
92 585 40 1054 0 68 2 4630 8 2360 5 25 20 14 4 121 3 475 1 41 7 21 141 50 399 73 30 8444 364 71 24 8948 715 9 3158 1334
93 39 59 0 24 19 1435 2 3488 580 5361 67 99 513 6783 21 41 50 3532 179 5005 3 1 23 20 51 1396 30 299 709
94 68 2631 1 4 2 13 10 49 0 84 3 1790 25 807 218 1991 77 9652 956 2720 150 75 725 48 83 5477 5 3053 5921 2486
95 1 0 6 602 3 2250 36 106 178 4386 934 4 34 2496 17 6912 886 13 10 680 262 84 5 4103 107 46 466 32 69 7585
96 0 5 45 46 2235 156 10 742 3761 1 4182 16 6 131 88 53 57 2327 1461 34 3 36 22 29 5625 143 268 21 9 8
97 670 31 4 34 0 9 14 99 519 1478 3 658 413 212 1258 13 6 61 2 1992 1002 960 1 278 358 1938 10 411 249
98 205 1487 106 46 1 42 40 0 179 43 410 5 23 9 157 26 1658 175 2 8 13 5748 6400 556 56 5645 6201 1636 17 52 355 6018 155 3097
99 7 1966 8 116 50 0 51 175 2498 1 5299 27 15 270 9 14 19 389 75 301 498 25 1209 16 2 37 3 1017 216 1989 4604 1401 933 6705 117 6689 168 5 303 155 708